<?xml version="1.0" encoding="UTF-8"?>
<!-- Generated by org.testng.reporters.JUnitReportReporter -->
<testsuite hostname="XTEN-AV_1" failures="0" tests="4" name="ecomEndToEnd.EcomEndToEnd" time="2.146" errors="0" timestamp="2025-10-05T16:46:24 IST" skipped="0">
  <testcase classname="ecomEndToEnd.EcomEndToEnd" name="loginTest" time="1.241"/>
  <testcase classname="ecomEndToEnd.EcomEndToEnd" name="createProduct" time="0.563"/>
  <testcase classname="ecomEndToEnd.EcomEndToEnd" name="placeOrderTest" time="0.198"/>
  <testcase classname="ecomEndToEnd.EcomEndToEnd" name="viewOrderDetails" time="0.144"/>
</testsuite> <!-- ecomEndToEnd.EcomEndToEnd -->
