<?xml version="1.0" encoding="UTF-8"?>
<!-- Generated by org.testng.reporters.JUnitReportReporter -->
<testsuite hostname="XTEN-AV_1" failures="0" tests="4" name="api.Day1.Basics" time="3.103" errors="0" timestamp="2025-09-28T18:21:47 IST" skipped="0">
  <testcase classname="api.Day1.Basics" name="basicTest" time="2.231"/>
  <testcase classname="api.Day1.Basics" name="createUserTest" time="0.651"/>
  <testcase classname="api.Day1.Basics" name="updateUserTest" time="0.066"/>
  <testcase classname="api.Day1.Basics" name="deleteTest" time="0.155"/>
</testsuite> <!-- api.Day1.Basics -->
