<?xml version="1.0" encoding="UTF-8"?>
<!-- Generated by org.testng.reporters.JUnitReportReporter -->
<testsuite hostname="XTEN-AV_1" failures="0" tests="6" name="dataDrivenExcelAndJSON.DDTexcel" time="1.651" errors="0" timestamp="2025-10-04T00:08:35 IST" skipped="0">
  <testcase classname="dataDrivenExcelAndJSON.DDTexcel" name="testCreateUserFromExcel" time="1.364"/>
  <testcase classname="dataDrivenExcelAndJSON.DDTexcel" name="testCreateUserFromExcel" time="0.025"/>
  <testcase classname="dataDrivenExcelAndJSON.DDTexcel" name="testCreateUserFromExcel" time="0.038"/>
  <testcase classname="dataDrivenExcelAndJSON.DDTexcel" name="printNamesById" time="0.112"/>
  <testcase classname="dataDrivenExcelAndJSON.DDTexcel" name="deleteUserById" time="0.049"/>
  <testcase classname="dataDrivenExcelAndJSON.DDTexcel" name="verifyDeletionByIds" time="0.063"/>
</testsuite> <!-- dataDrivenExcelAndJSON.DDTexcel -->
