<?xml version="1.0" encoding="UTF-8"?>
<!-- Generated by org.testng.reporters.JUnitReportReporter -->
<testsuite hostname="CHUTNEYYs-LAPTOP" failures="0" tests="3" name="api.Day1.Basics" time="5.266" errors="0" timestamp="2025-09-25T23:40:13 IST" skipped="0">
  <testcase classname="api.Day1.Basics" name="basicTest" time="3.397"/>
  <testcase classname="api.Day1.Basics" name="createUserTest" time="1.553"/>
  <testcase classname="api.Day1.Basics" name="deleteTest" time="0.316"/>
</testsuite> <!-- api.Day1.Basics -->
