<?xml version="1.0" encoding="UTF-8"?>
<!-- Generated by org.testng.reporters.JUnitReportReporter -->
<testsuite hostname="XTEN-AV_1" failures="0" tests="2" name="serialDeserial.DemoSerializationAndDeserialization" time="1.347" errors="0" timestamp="2025-10-02T23:57:06 IST" skipped="0">
  <testcase classname="serialDeserial.DemoSerializationAndDeserialization" name="getUsersData" time="1.015"/>
  <testcase classname="serialDeserial.DemoSerializationAndDeserialization" name="createUser" time="0.332"/>
</testsuite> <!-- serialDeserial.DemoSerializationAndDeserialization -->
