<?xml version="1.0" encoding="UTF-8"?>
<!-- Generated by org.testng.reporters.JUnitReportReporter -->
<testsuite hostname="XTEN-AV_1" failures="0" tests="3" name="serialDeserial.DemoSerializationAndDeserialization" time="2.154" errors="0" timestamp="2025-10-03T22:13:00 IST" skipped="0">
  <testcase classname="serialDeserial.DemoSerializationAndDeserialization" name="getUsersData" time="1.630"/>
  <testcase classname="serialDeserial.DemoSerializationAndDeserialization" name="createUser" time="0.418"/>
  <testcase classname="serialDeserial.DemoSerializationAndDeserialization" name="getUsersByID" time="0.106"/>
</testsuite> <!-- serialDeserial.DemoSerializationAndDeserialization -->
